This is pdfTeX, Version 3.14159265-2.6-1.40.16 (TeX Live 2015/Debian) (preloaded format=pdflatex 2018.3.30)  25 JUN 2018 14:38
entering extended mode
 restricted \write18 enabled.
 %&-line parsing enabled.
**Plan_tesis_v2.tex
(./Plan_tesis_v2.tex
LaTeX2e <2016/02/01>
Babel <3.9q> and hyphenation patterns for 81 language(s) loaded.
(/usr/share/texlive/texmf-dist/tex/latex/base/report.cls
Document Class: report 2014/09/29 v1.4h Standard LaTeX document class
(/usr/share/texlive/texmf-dist/tex/latex/base/size12.clo
File: size12.clo 2014/09/29 v1.4h Standard LaTeX file (size option)
)
\c@part=\count79
\c@chapter=\count80
\c@section=\count81
\c@subsection=\count82
\c@subsubsection=\count83
\c@paragraph=\count84
\c@subparagraph=\count85
\c@figure=\count86
\c@table=\count87
\abovecaptionskip=\skip41
\belowcaptionskip=\skip42
\bibindent=\dimen102
)
(/usr/share/texlive/texmf-dist/tex/latex/preprint/fullpage.sty
Package: fullpage 1999/02/23 1.1 (PWD)
\FP@margin=\skip43
)
(/usr/share/texlive/texmf-dist/tex/latex/listings/listings.sty
(/usr/share/texlive/texmf-dist/tex/latex/graphics/keyval.sty
Package: keyval 2014/10/28 v1.15 key=value parser (DPC)
\KV@toks@=\toks14
)
\lst@mode=\count88
\lst@gtempboxa=\box26
\lst@token=\toks15
\lst@length=\count89
\lst@currlwidth=\dimen103
\lst@column=\count90
\lst@pos=\count91
\lst@lostspace=\dimen104
\lst@width=\dimen105
\lst@newlines=\count92
\lst@lineno=\count93
\lst@maxwidth=\dimen106

(/usr/share/texlive/texmf-dist/tex/latex/listings/lstmisc.sty
File: lstmisc.sty 2015/06/04 1.6 (Carsten Heinz)
\c@lstnumber=\count94
\lst@skipnumbers=\count95
\lst@framebox=\box27
)
(/usr/share/texlive/texmf-dist/tex/latex/listings/listings.cfg
File: listings.cfg 2015/06/04 1.6 listings configuration
))
Package: listings 2015/06/04 1.6 (Carsten Heinz)

(/usr/share/texlive/texmf-dist/tex/latex/graphics/graphicx.sty
Package: graphicx 2014/10/28 v1.0g Enhanced LaTeX Graphics (DPC,SPQR)

(/usr/share/texlive/texmf-dist/tex/latex/graphics/graphics.sty
Package: graphics 2016/01/03 v1.0q Standard LaTeX Graphics (DPC,SPQR)

(/usr/share/texlive/texmf-dist/tex/latex/graphics/trig.sty
Package: trig 2016/01/03 v1.10 sin cos tan (DPC)
)
(/usr/share/texlive/texmf-dist/tex/latex/latexconfig/graphics.cfg
File: graphics.cfg 2010/04/23 v1.9 graphics configuration of TeX Live
)
Package graphics Info: Driver file: pdftex.def on input line 95.

(/usr/share/texlive/texmf-dist/tex/latex/pdftex-def/pdftex.def
File: pdftex.def 2011/05/27 v0.06d Graphics/color for pdfTeX

(/usr/share/texlive/texmf-dist/tex/generic/oberdiek/infwarerr.sty
Package: infwarerr 2010/04/08 v1.3 Providing info/warning/error messages (HO)
)
(/usr/share/texlive/texmf-dist/tex/generic/oberdiek/ltxcmds.sty
Package: ltxcmds 2011/11/09 v1.22 LaTeX kernel commands for general use (HO)
)
\Gread@gobject=\count96
))
\Gin@req@height=\dimen107
\Gin@req@width=\dimen108
)
(./Plan_tesis_v2.aux)
\openout1 = `Plan_tesis_v2.aux'.

LaTeX Font Info:    Checking defaults for OML/cmm/m/it on input line 9.
LaTeX Font Info:    ... okay on input line 9.
LaTeX Font Info:    Checking defaults for T1/cmr/m/n on input line 9.
LaTeX Font Info:    ... okay on input line 9.
LaTeX Font Info:    Checking defaults for OT1/cmr/m/n on input line 9.
LaTeX Font Info:    ... okay on input line 9.
LaTeX Font Info:    Checking defaults for OMS/cmsy/m/n on input line 9.
LaTeX Font Info:    ... okay on input line 9.
LaTeX Font Info:    Checking defaults for OMX/cmex/m/n on input line 9.
LaTeX Font Info:    ... okay on input line 9.
LaTeX Font Info:    Checking defaults for U/cmr/m/n on input line 9.
LaTeX Font Info:    ... okay on input line 9.
\c@lstlisting=\count97

(/usr/share/texlive/texmf-dist/tex/context/base/supp-pdf.mkii
[Loading MPS to PDF converter (version 2006.09.02).]
\scratchcounter=\count98
\scratchdimen=\dimen109
\scratchbox=\box28
\nofMPsegments=\count99
\nofMParguments=\count100
\everyMPshowfont=\toks16
\MPscratchCnt=\count101
\MPscratchDim=\dimen110
\MPnumerator=\count102
\makeMPintoPDFobject=\count103
\everyMPtoPDFconversion=\toks17
) (/usr/share/texlive/texmf-dist/tex/generic/oberdiek/pdftexcmds.sty
Package: pdftexcmds 2011/11/29 v0.20 Utility functions of pdfTeX for LuaTeX (HO
)

(/usr/share/texlive/texmf-dist/tex/generic/oberdiek/ifluatex.sty
Package: ifluatex 2010/03/01 v1.3 Provides the ifluatex switch (HO)
Package ifluatex Info: LuaTeX not detected.
)
(/usr/share/texlive/texmf-dist/tex/generic/oberdiek/ifpdf.sty
Package: ifpdf 2011/01/30 v2.3 Provides the ifpdf switch (HO)
Package ifpdf Info: pdfTeX in PDF mode is detected.
)
Package pdftexcmds Info: LuaTeX not detected.
Package pdftexcmds Info: \pdf@primitive is available.
Package pdftexcmds Info: \pdf@ifprimitive is available.
Package pdftexcmds Info: \pdfdraftmode found.
)
(/usr/share/texlive/texmf-dist/tex/latex/oberdiek/epstopdf-base.sty
Package: epstopdf-base 2010/02/09 v2.5 Base part for package epstopdf

(/usr/share/texlive/texmf-dist/tex/latex/oberdiek/grfext.sty
Package: grfext 2010/08/19 v1.1 Manage graphics extensions (HO)

(/usr/share/texlive/texmf-dist/tex/generic/oberdiek/kvdefinekeys.sty
Package: kvdefinekeys 2011/04/07 v1.3 Define keys (HO)
))
(/usr/share/texlive/texmf-dist/tex/latex/oberdiek/kvoptions.sty
Package: kvoptions 2011/06/30 v3.11 Key value format for package options (HO)

(/usr/share/texlive/texmf-dist/tex/generic/oberdiek/kvsetkeys.sty
Package: kvsetkeys 2012/04/25 v1.16 Key value parser (HO)

(/usr/share/texlive/texmf-dist/tex/generic/oberdiek/etexcmds.sty
Package: etexcmds 2011/02/16 v1.5 Avoid name clashes with e-TeX commands (HO)
Package etexcmds Info: Could not find \expanded.
(etexcmds)             That can mean that you are not using pdfTeX 1.50 or
(etexcmds)             that some package has redefined \expanded.
(etexcmds)             In the latter case, load this package earlier.
)))
Package grfext Info: Graphics extension search list:
(grfext)             [.png,.pdf,.jpg,.mps,.jpeg,.jbig2,.jb2,.PNG,.PDF,.JPG,.JPE
G,.JBIG2,.JB2,.eps]
(grfext)             \AppendGraphicsExtensions on input line 452.

(/usr/share/texlive/texmf-dist/tex/latex/latexconfig/epstopdf-sys.cfg
File: epstopdf-sys.cfg 2010/07/13 v1.3 Configuration of (r)epstopdf for TeX Liv
e
))
LaTeX Font Info:    External font `cmex10' loaded for size
(Font)              <14.4> on input line 14.
LaTeX Font Info:    External font `cmex10' loaded for size
(Font)              <7> on input line 14.

[1

{/var/lib/texmf/fonts/map/pdftex/updmap/pdftex.map}]
Missing character: There is no Ã in font cmr12!
Missing character: There is no ± in font cmr12!
LaTeX Font Info:    Try loading font information for OMS+cmr on input line 35.

(/usr/share/texlive/texmf-dist/tex/latex/base/omscmr.fd
File: omscmr.fd 2014/09/29 v2.5h Standard LaTeX font definitions
)
LaTeX Font Info:    Font shape `OMS/cmr/m/n' in size <12> not available
(Font)              Font shape `OMS/cmsy/m/n' tried instead on input line 35.
Missing character: There is no Ã in font cmr12!
Missing character: There is no ³ in font cmr12!
LaTeX Font Info:    External font `cmex10' loaded for size
(Font)              <12> on input line 48.
LaTeX Font Info:    External font `cmex10' loaded for size
(Font)              <8> on input line 48.
LaTeX Font Info:    External font `cmex10' loaded for size
(Font)              <6> on input line 48.
Missing character: There is no Ã in font cmr12!
Missing character: There is no ³ in font cmr12!
 [1]
Missing character: There is no Ã in font cmr12!
Missing character: There is no ³ in font cmr12!

<screet_preview.png, id=13, 540.419pt x 390.258pt>
File: screet_preview.png Graphic file (type png)
 <use screet_preview.png>
Package pdftex.def Info: screet_preview.png used on input line 90.
(pdftex.def)             Requested size: 317.07614pt x 228.97588pt.
Missing character: There is no Ã in font cmr12!
Missing character: There is no ³ in font cmr12!

[2] <screet_database.png, id=18, 821.469pt x 460.922pt>
File: screet_database.png Graphic file (type png)

<use screet_database.png>
Package pdftex.def Info: screet_database.png used on input line 104.
(pdftex.def)             Requested size: 317.07614pt x 177.90915pt.
 [3 <./screet_preview.png>]
Overfull \hbox (42.57693pt too wide) in paragraph at lines 153--154
[]\OT1/cmr/m/n/12 Gonz^^Sales, R. (s.f.). \OT1/cmr/m/it/12 Python para to-dos\O
T1/cmr/m/n/12 . Re-cu-per-ado de: \OT1/cmr/bx/n/12 http://mundogeek.net/tutoria
l-
 []

[4 <./screet_database.png>] [5]
Overfull \hbox (20.55603pt too wide) in paragraph at lines 214--215
[][][][][][][][][][][][][][][][] 
 []


Overfull \hbox (27.60602pt too wide) in paragraph at lines 218--219
[][][][][][][][][][][][][][][][] 
 []


Overfull \hbox (27.60602pt too wide) in paragraph at lines 225--226
[][][][][][][][][][][][][][][][] 
 []


Overfull \hbox (20.55603pt too wide) in paragraph at lines 239--240
[][][][][][][][][][][][][][][][][][][][][][][][][][][][][][][][][][] 
 []


Overfull \hbox (13.50604pt too wide) in paragraph at lines 240--241
[][][][][][][][][][][][][][][][][] 
 []

[6]
Overfull \hbox (27.60602pt too wide) in paragraph at lines 270--271
[][][][][][][][][][][][][][][][][] 
 []


Overfull \hbox (34.656pt too wide) in paragraph at lines 274--275
[][][][][][][][][][][][][][][][][] 
 []


Overfull \hbox (6.45605pt too wide) in paragraph at lines 276--277
[][][][][][][][][][][][][][][][][] 
 []


Overfull \hbox (6.45605pt too wide) in paragraph at lines 278--279
[][][][][][][][][][][][][][] 
 []


Overfull \hbox (34.656pt too wide) in paragraph at lines 280--281
[][][][][][][][][][][][][][][][][] 
 []

[7]
Overfull \hbox (27.60602pt too wide) in paragraph at lines 313--314
[][][][][][][][][][][][][][][][][] 
 []


Overfull \hbox (34.656pt too wide) in paragraph at lines 317--318
[][][][][][][][][][][][][][][][][] 
 []


Overfull \hbox (6.45605pt too wide) in paragraph at lines 319--320
[][][][][][][][][][][][][][][][][] 
 []


Overfull \hbox (6.45605pt too wide) in paragraph at lines 321--322
[][][][][][][][][][][][][][] 
 []


Overfull \hbox (27.60602pt too wide) in paragraph at lines 332--333
[][][][][][][][][][][][][][][][][][][][][][][][][] 
 []

[8] (./Plan_tesis_v2.aux) ) 
Here is how much of TeX's memory you used:
 2754 strings out of 493029
 40039 string characters out of 6136234
 127434 words of memory out of 5000000
 6279 multiletter control sequences out of 15000+600000
 9155 words of font info for 32 fonts, out of 8000000 for 9000
 1141 hyphenation exceptions out of 8191
 37i,6n,32p,455b,1468s stack positions out of 5000i,500n,10000p,200000b,80000s
</usr/share/texlive/texmf-dist/fonts/type1/public/am
sfonts/cm/cmbx12.pfb></usr/share/texlive/texmf-dist/fonts/type1/public/amsfonts
/cm/cmr12.pfb></usr/share/texlive/texmf-dist/fonts/type1/public/amsfonts/cm/cmr
17.pfb></usr/share/texlive/texmf-dist/fonts/type1/public/amsfonts/cm/cmsy10.pfb
></usr/share/texlive/texmf-dist/fonts/type1/public/amsfonts/cm/cmti12.pfb>
Output written on Plan_tesis_v2.pdf (9 pages, 454580 bytes).
PDF statistics:
 59 PDF objects out of 1000 (max. 8388607)
 38 compressed objects within 1 object stream
 0 named destinations out of 1000 (max. 500000)
 11 words of extra memory for PDF output out of 10000 (max. 10000000)

