\BOOKMARK [1][-]{section.0.1}{Determinaci\363n del problema y su relevancia de la investigaci\363n}{}% 1
\BOOKMARK [2][-]{subsection.0.1.1}{Planteamiento del problema}{section.0.1}% 2
\BOOKMARK [2][-]{subsection.0.1.2}{Relevancia}{section.0.1}% 3
\BOOKMARK [1][-]{section.0.2}{Hip\363tesis}{}% 4
\BOOKMARK [1][-]{section.0.3}{Objetivos de la investigaci\363n}{}% 5
\BOOKMARK [2][-]{subsection.0.3.1}{Ojetivos Generales}{section.0.3}% 6
\BOOKMARK [2][-]{subsection.0.3.2}{Objetivos Espec\355ficos}{section.0.3}% 7
\BOOKMARK [1][-]{section.0.4}{Metodolog\355a}{}% 8
\BOOKMARK [2][-]{subsection.0.4.1}{Aforos en la estaci\363n hidrol\363gica El Tigre - R\355o Tumbes}{section.0.4}% 9
\BOOKMARK [2][-]{subsection.0.4.2}{Aforos l\355quidos}{section.0.4}% 10
\BOOKMARK [2][-]{subsection.0.4.3}{Aforos s\363lidos}{section.0.4}% 11
\BOOKMARK [2][-]{subsection.0.4.4}{Proceso de muestras de sedimentos}{section.0.4}% 12
\BOOKMARK [2][-]{subsection.0.4.5}{WinRiver II - Formato de salida ASCII}{section.0.4}% 13
\BOOKMARK [2][-]{subsection.0.4.6}{Conversi\363n de coordenadas}{section.0.4}% 14
\BOOKMARK [2][-]{subsection.0.4.7}{Sistema de coordenadas geogr\341ficas}{section.0.4}% 15
\BOOKMARK [2][-]{subsection.0.4.8}{Sistema UTM \(Universal Transversal Mercator\)}{section.0.4}% 16
\BOOKMARK [2][-]{subsection.0.4.9}{Interpolaci\363n y ajustes de curva}{section.0.4}% 17
\BOOKMARK [2][-]{subsection.0.4.10}{Integraci\363n mediante el m\351todo del trapecio}{section.0.4}% 18
\BOOKMARK [2][-]{subsection.0.4.11}{C\341lculo del caudal para el fluido}{section.0.4}% 19
\BOOKMARK [1][-]{section.0.5}{Resultados esperados}{}% 20
\BOOKMARK [1][-]{section.0.6}{Cronograma}{}% 21
\BOOKMARK [1][-]{section.0.7}{Bibliograf\355a}{}% 22
